[01:40:47] [main/INFO]: Setting user: Player264
[01:40:58] [main/WARN]: Skipping bad option: lastServer:
[01:40:58] [main/INFO]: LWJGL Version: 2.9.4
[01:41:06] [main/INFO]: Reloading ResourceManager: Default, FMLFileResourcePack:Forge Mod Loader, FMLFileResourcePack:Minecraft Forge, FMLFileResourcePack:Mysticis
[01:41:12] [Sound Library Loader/INFO]: Starting up SoundSystem...
[01:41:12] [Thread-5/INFO]: Initializing LWJGL OpenAL
[01:41:12] [Thread-5/INFO]: (The LWJGL binding of OpenAL.  For more information, see http://www.lwjgl.org)
[01:41:12] [Thread-5/INFO]: OpenAL initialized.
[01:41:13] [Sound Library Loader/INFO]: Sound engine started
[01:41:21] [main/INFO]: Created: 1024x512 textures-atlas
[01:41:27] [main/WARN]: Skipping bad option: lastServer:
[01:41:27] [main/INFO]: Narrator library for x64 successfully loaded
[01:41:30] [Realms Notification Availability checker #1/INFO]: Could not authorize you against Realms server: Invalid session id
[01:41:39] [Server thread/INFO]: Starting integrated minecraft server version 1.12.2
[01:41:39] [Server thread/INFO]: Generating keypair
[01:41:41] [Server thread/INFO]: Loaded 488 advancements
[01:41:41] [Server thread/INFO]: Preparing start region for level 0
[01:41:42] [Server thread/INFO]: Preparing spawn area: 0%
[01:41:43] [Server thread/WARN]: Keeping entity minecraft:pig that already exists with UUID 4c267012-8050-4148-bea8-5eac27d8426f
[01:41:43] [Server thread/WARN]: Keeping entity minecraft:pig that already exists with UUID 4c267012-8050-4148-bea8-5eac27d8426f
[01:41:43] [Server thread/WARN]: Keeping entity minecraft:pig that already exists with UUID 4ec0843d-c6bb-4cc9-89f5-39eda1b9ce12
[01:41:43] [Server thread/INFO]: Preparing spawn area: 32%
[01:41:43] [Server thread/WARN]: Keeping entity minecraft:sheep that already exists with UUID 6bfc3daa-6a04-4cd0-9d2f-38cad7a4957f
[01:41:44] [Server thread/WARN]: Keeping entity minecraft:chicken that already exists with UUID 7ff7871d-56a4-40ec-a673-d4b0e6fd4571
[01:41:44] [Server thread/WARN]: Keeping entity minecraft:pig that already exists with UUID d5dc0ed3-005d-4f22-8e42-ae72489e241d
[01:41:44] [Server thread/WARN]: Keeping entity minecraft:rabbit that already exists with UUID 75fff4d4-5b17-463a-b721-d20cd06ddc0d
[01:41:44] [Server thread/INFO]: Preparing spawn area: 75%
[01:41:46] [Server thread/INFO]: Preparing spawn area: 99%
[01:41:46] [Server thread/INFO]: Changing view distance to 12, from 10
[01:41:50] [Server thread/INFO]: Player264[local:E:1bc86550] logged in with entity id 313 at (-338.2677757105865, 89.0, -71.74474914826713)
[01:41:50] [Server thread/INFO]: Player264 joined the game
[01:41:57] [Server thread/INFO]: Saving and pausing game...
[01:41:57] [Server thread/INFO]: Saving chunks for level 'New World'/overworld
[01:41:57] [Server thread/INFO]: Saving chunks for level 'New World'/the_nether
[01:41:57] [Server thread/INFO]: Saving chunks for level 'New World'/the_end
[01:41:58] [Server thread/WARN]: Can't keep up! Did the system time change, or is the server overloaded? Running 2523ms behind, skipping 50 tick(s)
[01:41:59] [pool-2-thread-1/WARN]: Couldn't look up profile properties for com.mojang.authlib.GameProfile@26696dfd[id=72f1bdc6-4b0d-3d9c-9462-229fd961a627,name=Player264,properties={},legacy=false]
com.mojang.authlib.exceptions.AuthenticationException: The client has sent too many requests within a certain amount of time
	at com.mojang.authlib.yggdrasil.YggdrasilAuthenticationService.makeRequest(YggdrasilAuthenticationService.java:79) ~[YggdrasilAuthenticationService.class:?]
	at com.mojang.authlib.yggdrasil.YggdrasilMinecraftSessionService.fillGameProfile(YggdrasilMinecraftSessionService.java:180) [YggdrasilMinecraftSessionService.class:?]
	at com.mojang.authlib.yggdrasil.YggdrasilMinecraftSessionService$1.load(YggdrasilMinecraftSessionService.java:60) [YggdrasilMinecraftSessionService$1.class:?]
	at com.mojang.authlib.yggdrasil.YggdrasilMinecraftSessionService$1.load(YggdrasilMinecraftSessionService.java:57) [YggdrasilMinecraftSessionService$1.class:?]
	at com.google.common.cache.LocalCache$LoadingValueReference.loadFuture(LocalCache.java:3716) [guava-21.0.jar:?]
	at com.google.common.cache.LocalCache$Segment.loadSync(LocalCache.java:2424) [guava-21.0.jar:?]
	at com.google.common.cache.LocalCache$Segment.lockedGetOrLoad(LocalCache.java:2298) [guava-21.0.jar:?]
	at com.google.common.cache.LocalCache$Segment.get(LocalCache.java:2211) [guava-21.0.jar:?]
	at com.google.common.cache.LocalCache.get(LocalCache.java:4154) [guava-21.0.jar:?]
	at com.google.common.cache.LocalCache.getOrLoad(LocalCache.java:4158) [guava-21.0.jar:?]
	at com.google.common.cache.LocalCache$LocalLoadingCache.get(LocalCache.java:5147) [guava-21.0.jar:?]
	at com.google.common.cache.LocalCache$LocalLoadingCache.getUnchecked(LocalCache.java:5153) [guava-21.0.jar:?]
	at com.mojang.authlib.yggdrasil.YggdrasilMinecraftSessionService.fillProfileProperties(YggdrasilMinecraftSessionService.java:170) [YggdrasilMinecraftSessionService.class:?]
	at net.minecraft.client.Minecraft.getProfileProperties(Minecraft.java:3188) [Minecraft.class:?]
	at net.minecraft.client.resources.SkinManager$3.run(SkinManager.java:138) [SkinManager$3.class:?]
	at java.util.concurrent.Executors$RunnableAdapter.call(Executors.java:511) [?:1.8.0_162]
	at java.util.concurrent.FutureTask.run(FutureTask.java:266) [?:1.8.0_162]
	at java.util.concurrent.ThreadPoolExecutor.runWorker(ThreadPoolExecutor.java:1149) [?:1.8.0_162]
	at java.util.concurrent.ThreadPoolExecutor$Worker.run(ThreadPoolExecutor.java:624) [?:1.8.0_162]
	at java.lang.Thread.run(Thread.java:748) [?:1.8.0_162]
[01:42:00] [Server thread/INFO]: Saving and pausing game...
[01:42:00] [Server thread/INFO]: Saving chunks for level 'New World'/overworld
[01:42:01] [Server thread/INFO]: Saving chunks for level 'New World'/the_nether
[01:42:01] [Server thread/INFO]: Saving chunks for level 'New World'/the_end
[01:42:08] [Server thread/INFO]: Saving and pausing game...
[01:42:08] [Server thread/INFO]: Saving chunks for level 'New World'/overworld
[01:42:09] [Server thread/INFO]: Saving chunks for level 'New World'/the_nether
[01:42:09] [Server thread/INFO]: Saving chunks for level 'New World'/the_end
[01:42:16] [Server thread/INFO]: Saving and pausing game...
[01:42:16] [Server thread/INFO]: Saving chunks for level 'New World'/overworld
[01:42:17] [Server thread/INFO]: Saving chunks for level 'New World'/the_nether
[01:42:17] [Server thread/INFO]: Saving chunks for level 'New World'/the_end
[01:42:19] [Server thread/INFO]: Saving and pausing game...
[01:42:19] [Server thread/INFO]: Saving chunks for level 'New World'/overworld
[01:42:20] [Server thread/INFO]: Saving chunks for level 'New World'/the_nether
[01:42:20] [Server thread/INFO]: Saving chunks for level 'New World'/the_end
[01:42:35] [main/INFO]: Stopping!
[01:42:35] [Server thread/INFO]: Stopping server
[01:42:35] [Server thread/INFO]: Saving players
[01:42:35] [Server thread/INFO]: Saving worlds
[01:42:35] [Server thread/INFO]: Saving chunks for level 'New World'/overworld
[01:42:35] [Server thread/INFO]: Saving chunks for level 'New World'/the_nether
[01:42:35] [Server thread/INFO]: Saving chunks for level 'New World'/the_end
[01:42:36] [main/INFO]: SoundSystem shutting down...
[01:42:36] [main/WARN]: Author: Paul Lamb, www.paulscode.com
